2023-10-17 09:09:33.177 INFO - [kground-preinit] org.hibernate.validator.internal.util.Version 21 : HV000001: Hibernate Validator 8.0.1.Final
2023-10-17 09:09:33.251 INFO - [  restartedMain] com.example.employeeProject.EmployeeProjectApplication 51 : Starting EmployeeProjectApplication using Java 17.0.8.1 with PID 7180 (/home/user/Documents/employeeProject/target/classes started by user in /home/user/Documents/employeeProject)
2023-10-17 09:09:33.256 DEBUG - [  restartedMain] com.example.employeeProject.EmployeeProjectApplication 52 : Running with Spring Boot v3.1.4, Spring v6.0.12
2023-10-17 09:09:33.259 INFO - [  restartedMain] com.example.employeeProject.EmployeeProjectApplication 637 : No active profile set, falling back to 1 default profile: "default"
2023-10-17 09:09:33.354 INFO - [  restartedMain] org.springframework.boot.devtools.env.DevToolsPropertyDefaultsPostProcessor 250 : Devtools property defaults active! Set 'spring.devtools.add-properties' to 'false' to disable
2023-10-17 09:09:33.355 INFO - [  restartedMain] org.springframework.boot.devtools.env.DevToolsPropertyDefaultsPostProcessor 250 : For additional web related logging consider setting the 'logging.level.web' property to 'DEBUG'
2023-10-17 09:09:34.289 INFO - [  restartedMain] org.springframework.data.repository.config.RepositoryConfigurationDelegate 138 : Bootstrapping Spring Data JPA repositories in DEFAULT mode.
2023-10-17 09:09:34.373 INFO - [  restartedMain] org.springframework.data.repository.config.RepositoryConfigurationDelegate 208 : Finished Spring Data repository scanning in 74 ms. Found 3 JPA repository interfaces.
2023-10-17 09:09:35.423 INFO - [  restartedMain] org.springframework.boot.web.embedded.tomcat.TomcatWebServer 108 : Tomcat initialized with port(s): 8080 (http)
2023-10-17 09:09:35.433 INFO - [  restartedMain] org.apache.coyote.http11.Http11NioProtocol 173 : Initializing ProtocolHandler ["http-nio-8080"]
2023-10-17 09:09:35.436 INFO - [  restartedMain] org.apache.catalina.core.StandardService 173 : Starting service [Tomcat]
2023-10-17 09:09:35.437 INFO - [  restartedMain] org.apache.catalina.core.StandardEngine 173 : Starting Servlet engine: [Apache Tomcat/10.1.13]
2023-10-17 09:09:35.515 INFO - [  restartedMain] org.apache.catalina.core.ContainerBase.[Tomcat].[localhost].[/] 173 : Initializing Spring embedded WebApplicationContext
2023-10-17 09:09:35.580 INFO - [  restartedMain] org.springframework.boot.web.servlet.context.ServletWebServerApplicationContext 291 : Root WebApplicationContext: initialization completed in 2221 ms
2023-10-17 09:09:37.584 INFO - [  restartedMain] com.zaxxer.hikari.HikariDataSource 110 : HikariPool-1 - Starting...
2023-10-17 09:09:39.506 INFO - [  restartedMain] com.zaxxer.hikari.pool.HikariPool 565 : HikariPool-1 - Added connection org.postgresql.jdbc.PgConnection@3ccd53b9
2023-10-17 09:09:39.507 INFO - [  restartedMain] com.zaxxer.hikari.HikariDataSource 123 : HikariPool-1 - Start completed.
2023-10-17 09:09:39.576 INFO - [  restartedMain] org.hibernate.jpa.internal.util.LogHelper 31 : HHH000204: Processing PersistenceUnitInfo [name: default]
2023-10-17 09:09:39.658 INFO - [  restartedMain] org.hibernate.Version 44 : HHH000412: Hibernate ORM core version 6.2.9.Final
2023-10-17 09:09:39.661 INFO - [  restartedMain] org.hibernate.cfg.Environment 191 : HHH000406: Using bytecode reflection optimizer
2023-10-17 09:09:39.896 INFO - [  restartedMain] org.hibernate.bytecode.internal.BytecodeProviderInitiator 53 : HHH000021: Bytecode provider name : bytebuddy
2023-10-17 09:09:40.099 INFO - [  restartedMain] org.springframework.orm.jpa.persistenceunit.SpringPersistenceUnitInfo 87 : No LoadTimeWeaver setup: ignoring JPA class transformer
2023-10-17 09:09:41.564 INFO - [  restartedMain] org.hibernate.bytecode.internal.BytecodeProviderInitiator 53 : HHH000021: Bytecode provider name : bytebuddy
2023-10-17 09:09:45.469 INFO - [  restartedMain] org.hibernate.engine.transaction.jta.platform.internal.JtaPlatformInitiator 51 : HHH000490: Using JtaPlatform implementation: [org.hibernate.engine.transaction.jta.platform.internal.NoJtaPlatform]
2023-10-17 09:09:45.472 INFO - [  restartedMain] org.springframework.orm.jpa.LocalContainerEntityManagerFactoryBean 437 : Initialized JPA EntityManagerFactory for persistence unit 'default'
2023-10-17 09:09:46.319 WARN - [  restartedMain] org.springframework.boot.autoconfigure.orm.jpa.JpaBaseConfiguration$JpaWebConfiguration 231 : spring.jpa.open-in-view is enabled by default. Therefore, database queries may be performed during view rendering. Explicitly configure spring.jpa.open-in-view to disable this warning
2023-10-17 09:09:47.332 INFO - [  restartedMain] org.springframework.boot.devtools.autoconfigure.OptionalLiveReloadServer 59 : LiveReload server is running on port 35729
2023-10-17 09:09:47.345 INFO - [  restartedMain] org.apache.coyote.http11.Http11NioProtocol 173 : Starting ProtocolHandler ["http-nio-8080"]
2023-10-17 09:09:47.366 INFO - [  restartedMain] org.springframework.boot.web.embedded.tomcat.TomcatWebServer 220 : Tomcat started on port(s): 8080 (http) with context path ''
2023-10-17 09:09:47.379 INFO - [  restartedMain] com.example.employeeProject.EmployeeProjectApplication 57 : Started EmployeeProjectApplication in 14.652 seconds (process running for 16.577)
2023-10-17 09:09:51.802 INFO - [nio-8080-exec-2] org.apache.catalina.core.ContainerBase.[Tomcat].[localhost].[/] 173 : Initializing Spring DispatcherServlet 'dispatcherServlet'
2023-10-17 09:09:51.803 INFO - [nio-8080-exec-2] org.springframework.web.servlet.DispatcherServlet 532 : Initializing Servlet 'dispatcherServlet'
2023-10-17 09:09:51.805 INFO - [nio-8080-exec-2] org.springframework.web.servlet.DispatcherServlet 554 : Completed initialization in 1 ms
2023-10-17 09:09:52.207 INFO - [nio-8080-exec-2] com.example.employeeProject.controller.EmployeeController 82 : [asdf, a, New name, Hsein test, Mhammaddddsd, Mhammaddddsd, Jamal Front, Sameer intern, Sameer intern, Sameer intern]
2023-10-17 09:09:59.845 INFO - [nio-8080-exec-3] com.example.employeeProject.controller.EmployeeController 82 : [Levi, Jamal, Ahmad, Samah, Mhammad, Hsein, Test, null, tests, asdf, asdf, asdf, asdf, asdf, asd, a, a, kk, kk, Hsein, Hseinnn, Hseinssdf, Mhammaddddsd, Mhammaddddsd, Mhammaddddsd, Sameer intern]
2023-10-17 09:10:04.816 INFO - [nio-8080-exec-4] com.example.employeeProject.controller.EmployeeController 82 : [Ali full stack]
2023-10-17 09:59:55.487 INFO - [nio-8080-exec-8] com.example.employeeProject.controller.EmployeeController 82 : [Ali full stack]
2023-10-17 10:42:24.452 INFO - [ionShutdownHook] org.springframework.orm.jpa.LocalContainerEntityManagerFactoryBean 650 : Closing JPA EntityManagerFactory for persistence unit 'default'
2023-10-17 10:42:24.456 INFO - [ionShutdownHook] com.zaxxer.hikari.HikariDataSource 350 : HikariPool-1 - Shutdown initiated...
2023-10-17 10:42:24.467 INFO - [ionShutdownHook] com.zaxxer.hikari.HikariDataSource 352 : HikariPool-1 - Shutdown completed.
2023-10-17 10:42:31.724 INFO - [kground-preinit] org.hibernate.validator.internal.util.Version 21 : HV000001: Hibernate Validator 8.0.1.Final
2023-10-17 10:42:31.780 INFO - [  restartedMain] com.example.employeeProject.EmployeeProjectApplication 51 : Starting EmployeeProjectApplication using Java 17.0.8.1 with PID 25533 (/home/user/Documents/employeeProject/target/classes started by user in /home/user/Documents/employeeProject)
2023-10-17 10:42:31.785 DEBUG - [  restartedMain] com.example.employeeProject.EmployeeProjectApplication 52 : Running with Spring Boot v3.1.4, Spring v6.0.12
2023-10-17 10:42:31.787 INFO - [  restartedMain] com.example.employeeProject.EmployeeProjectApplication 637 : No active profile set, falling back to 1 default profile: "default"
2023-10-17 10:42:31.854 INFO - [  restartedMain] org.springframework.boot.devtools.env.DevToolsPropertyDefaultsPostProcessor 250 : Devtools property defaults active! Set 'spring.devtools.add-properties' to 'false' to disable
2023-10-17 10:42:31.858 INFO - [  restartedMain] org.springframework.boot.devtools.env.DevToolsPropertyDefaultsPostProcessor 250 : For additional web related logging consider setting the 'logging.level.web' property to 'DEBUG'
2023-10-17 10:42:32.799 INFO - [  restartedMain] org.springframework.data.repository.config.RepositoryConfigurationDelegate 138 : Bootstrapping Spring Data JPA repositories in DEFAULT mode.
2023-10-17 10:42:32.876 INFO - [  restartedMain] org.springframework.data.repository.config.RepositoryConfigurationDelegate 208 : Finished Spring Data repository scanning in 68 ms. Found 3 JPA repository interfaces.
2023-10-17 10:42:33.600 INFO - [  restartedMain] org.springframework.boot.web.embedded.tomcat.TomcatWebServer 108 : Tomcat initialized with port(s): 8080 (http)
2023-10-17 10:42:33.610 INFO - [  restartedMain] org.apache.coyote.http11.Http11NioProtocol 173 : Initializing ProtocolHandler ["http-nio-8080"]
2023-10-17 10:42:33.613 INFO - [  restartedMain] org.apache.catalina.core.StandardService 173 : Starting service [Tomcat]
2023-10-17 10:42:33.613 INFO - [  restartedMain] org.apache.catalina.core.StandardEngine 173 : Starting Servlet engine: [Apache Tomcat/10.1.13]
2023-10-17 10:42:33.668 INFO - [  restartedMain] org.apache.catalina.core.ContainerBase.[Tomcat].[localhost].[/] 173 : Initializing Spring embedded WebApplicationContext
2023-10-17 10:42:33.670 INFO - [  restartedMain] org.springframework.boot.web.servlet.context.ServletWebServerApplicationContext 291 : Root WebApplicationContext: initialization completed in 1810 ms
2023-10-17 10:42:33.832 INFO - [  restartedMain] com.zaxxer.hikari.HikariDataSource 110 : HikariPool-1 - Starting...
2023-10-17 10:42:34.282 INFO - [  restartedMain] com.zaxxer.hikari.pool.HikariPool 565 : HikariPool-1 - Added connection org.postgresql.jdbc.PgConnection@7f667de3
2023-10-17 10:42:34.284 INFO - [  restartedMain] com.zaxxer.hikari.HikariDataSource 123 : HikariPool-1 - Start completed.
2023-10-17 10:42:34.331 INFO - [  restartedMain] org.hibernate.jpa.internal.util.LogHelper 31 : HHH000204: Processing PersistenceUnitInfo [name: default]
2023-10-17 10:42:34.377 INFO - [  restartedMain] org.hibernate.Version 44 : HHH000412: Hibernate ORM core version 6.2.9.Final
2023-10-17 10:42:34.380 INFO - [  restartedMain] org.hibernate.cfg.Environment 191 : HHH000406: Using bytecode reflection optimizer
2023-10-17 10:42:34.546 INFO - [  restartedMain] org.hibernate.bytecode.internal.BytecodeProviderInitiator 53 : HHH000021: Bytecode provider name : bytebuddy
2023-10-17 10:42:34.737 INFO - [  restartedMain] org.springframework.orm.jpa.persistenceunit.SpringPersistenceUnitInfo 87 : No LoadTimeWeaver setup: ignoring JPA class transformer
2023-10-17 10:42:35.031 INFO - [  restartedMain] org.hibernate.bytecode.internal.BytecodeProviderInitiator 53 : HHH000021: Bytecode provider name : bytebuddy
2023-10-17 10:42:35.773 INFO - [  restartedMain] org.hibernate.engine.transaction.jta.platform.internal.JtaPlatformInitiator 51 : HHH000490: Using JtaPlatform implementation: [org.hibernate.engine.transaction.jta.platform.internal.NoJtaPlatform]
2023-10-17 10:42:35.777 INFO - [  restartedMain] org.springframework.orm.jpa.LocalContainerEntityManagerFactoryBean 437 : Initialized JPA EntityManagerFactory for persistence unit 'default'
2023-10-17 10:42:36.322 WARN - [  restartedMain] org.springframework.boot.autoconfigure.orm.jpa.JpaBaseConfiguration$JpaWebConfiguration 231 : spring.jpa.open-in-view is enabled by default. Therefore, database queries may be performed during view rendering. Explicitly configure spring.jpa.open-in-view to disable this warning
2023-10-17 10:42:36.671 WARN - [  restartedMain] org.springframework.boot.autoconfigure.security.servlet.UserDetailsServiceAutoConfiguration 87 : 

Using generated security password: 3c9720a6-1d21-4493-bc14-02867935d5c0

This generated password is for development use only. Your security configuration must be updated before running your application in production.

2023-10-17 10:42:36.774 INFO - [  restartedMain] org.springframework.security.web.DefaultSecurityFilterChain 54 : Will secure any request with [org.springframework.security.web.session.DisableEncodeUrlFilter@5be7ebf7, org.springframework.security.web.context.request.async.WebAsyncManagerIntegrationFilter@7597cab1, org.springframework.security.web.context.SecurityContextHolderFilter@27aeab46, org.springframework.security.web.header.HeaderWriterFilter@26cc416f, org.springframework.security.web.csrf.CsrfFilter@47be9889, org.springframework.security.web.authentication.logout.LogoutFilter@6b46edf2, org.springframework.security.web.authentication.UsernamePasswordAuthenticationFilter@23cac7cd, org.springframework.security.web.authentication.ui.DefaultLoginPageGeneratingFilter@dfc967f, org.springframework.security.web.authentication.ui.DefaultLogoutPageGeneratingFilter@3f18f079, org.springframework.security.web.authentication.www.BasicAuthenticationFilter@6e7814de, org.springframework.security.web.savedrequest.RequestCacheAwareFilter@7737a072, org.springframework.security.web.servletapi.SecurityContextHolderAwareRequestFilter@7d35d50f, org.springframework.security.web.authentication.AnonymousAuthenticationFilter@47875935, org.springframework.security.web.access.ExceptionTranslationFilter@1ab22d2e, org.springframework.security.web.access.intercept.AuthorizationFilter@62c24a66]
2023-10-17 10:42:36.823 INFO - [  restartedMain] org.springframework.boot.devtools.autoconfigure.OptionalLiveReloadServer 59 : LiveReload server is running on port 35729
2023-10-17 10:42:36.839 INFO - [  restartedMain] org.apache.coyote.http11.Http11NioProtocol 173 : Starting ProtocolHandler ["http-nio-8080"]
2023-10-17 10:42:36.857 INFO - [  restartedMain] org.springframework.boot.web.embedded.tomcat.TomcatWebServer 220 : Tomcat started on port(s): 8080 (http) with context path ''
2023-10-17 10:42:36.871 INFO - [  restartedMain] com.example.employeeProject.EmployeeProjectApplication 57 : Started EmployeeProjectApplication in 5.624 seconds (process running for 7.043)
2023-10-17 10:42:50.390 INFO - [nio-8080-exec-1] org.apache.catalina.core.ContainerBase.[Tomcat].[localhost].[/] 173 : Initializing Spring DispatcherServlet 'dispatcherServlet'
2023-10-17 10:42:50.392 INFO - [nio-8080-exec-1] org.springframework.web.servlet.DispatcherServlet 532 : Initializing Servlet 'dispatcherServlet'
2023-10-17 10:42:50.402 INFO - [nio-8080-exec-1] org.springframework.web.servlet.DispatcherServlet 554 : Completed initialization in 9 ms
2023-10-17 10:44:00.597 INFO - [ionShutdownHook] org.springframework.orm.jpa.LocalContainerEntityManagerFactoryBean 650 : Closing JPA EntityManagerFactory for persistence unit 'default'
2023-10-17 10:44:00.601 INFO - [ionShutdownHook] com.zaxxer.hikari.HikariDataSource 350 : HikariPool-1 - Shutdown initiated...
2023-10-17 10:44:00.619 INFO - [ionShutdownHook] com.zaxxer.hikari.HikariDataSource 352 : HikariPool-1 - Shutdown completed.
2023-10-17 10:44:03.446 INFO - [kground-preinit] org.hibernate.validator.internal.util.Version 21 : HV000001: Hibernate Validator 8.0.1.Final
2023-10-17 10:44:03.483 INFO - [  restartedMain] com.example.employeeProject.EmployeeProjectApplication 51 : Starting EmployeeProjectApplication using Java 17.0.8.1 with PID 26353 (/home/user/Documents/employeeProject/target/classes started by user in /home/user/Documents/employeeProject)
2023-10-17 10:44:03.487 DEBUG - [  restartedMain] com.example.employeeProject.EmployeeProjectApplication 52 : Running with Spring Boot v3.1.4, Spring v6.0.12
2023-10-17 10:44:03.489 INFO - [  restartedMain] com.example.employeeProject.EmployeeProjectApplication 637 : No active profile set, falling back to 1 default profile: "default"
2023-10-17 10:44:03.546 INFO - [  restartedMain] org.springframework.boot.devtools.env.DevToolsPropertyDefaultsPostProcessor 250 : Devtools property defaults active! Set 'spring.devtools.add-properties' to 'false' to disable
2023-10-17 10:44:03.546 INFO - [  restartedMain] org.springframework.boot.devtools.env.DevToolsPropertyDefaultsPostProcessor 250 : For additional web related logging consider setting the 'logging.level.web' property to 'DEBUG'
2023-10-17 10:44:04.388 INFO - [  restartedMain] org.springframework.data.repository.config.RepositoryConfigurationDelegate 138 : Bootstrapping Spring Data JPA repositories in DEFAULT mode.
2023-10-17 10:44:04.462 INFO - [  restartedMain] org.springframework.data.repository.config.RepositoryConfigurationDelegate 208 : Finished Spring Data repository scanning in 64 ms. Found 3 JPA repository interfaces.
2023-10-17 10:44:05.166 INFO - [  restartedMain] org.springframework.boot.web.embedded.tomcat.TomcatWebServer 108 : Tomcat initialized with port(s): 8080 (http)
2023-10-17 10:44:05.176 INFO - [  restartedMain] org.apache.coyote.http11.Http11NioProtocol 173 : Initializing ProtocolHandler ["http-nio-8080"]
2023-10-17 10:44:05.179 INFO - [  restartedMain] org.apache.catalina.core.StandardService 173 : Starting service [Tomcat]
2023-10-17 10:44:05.179 INFO - [  restartedMain] org.apache.catalina.core.StandardEngine 173 : Starting Servlet engine: [Apache Tomcat/10.1.13]
2023-10-17 10:44:05.237 INFO - [  restartedMain] org.apache.catalina.core.ContainerBase.[Tomcat].[localhost].[/] 173 : Initializing Spring embedded WebApplicationContext
2023-10-17 10:44:05.239 INFO - [  restartedMain] org.springframework.boot.web.servlet.context.ServletWebServerApplicationContext 291 : Root WebApplicationContext: initialization completed in 1689 ms
2023-10-17 10:44:05.511 INFO - [  restartedMain] org.hibernate.jpa.internal.util.LogHelper 31 : HHH000204: Processing PersistenceUnitInfo [name: default]
2023-10-17 10:44:05.572 INFO - [  restartedMain] org.hibernate.Version 44 : HHH000412: Hibernate ORM core version 6.2.9.Final
2023-10-17 10:44:05.575 INFO - [  restartedMain] org.hibernate.cfg.Environment 191 : HHH000406: Using bytecode reflection optimizer
2023-10-17 10:44:05.732 INFO - [  restartedMain] org.hibernate.bytecode.internal.BytecodeProviderInitiator 53 : HHH000021: Bytecode provider name : bytebuddy
2023-10-17 10:44:05.902 INFO - [  restartedMain] org.springframework.orm.jpa.persistenceunit.SpringPersistenceUnitInfo 87 : No LoadTimeWeaver setup: ignoring JPA class transformer
2023-10-17 10:44:05.925 INFO - [  restartedMain] com.zaxxer.hikari.HikariDataSource 110 : HikariPool-1 - Starting...
2023-10-17 10:44:06.301 INFO - [  restartedMain] com.zaxxer.hikari.pool.HikariPool 565 : HikariPool-1 - Added connection org.postgresql.jdbc.PgConnection@7d63e76f
2023-10-17 10:44:06.302 INFO - [  restartedMain] com.zaxxer.hikari.HikariDataSource 123 : HikariPool-1 - Start completed.
2023-10-17 10:44:06.588 INFO - [  restartedMain] org.hibernate.bytecode.internal.BytecodeProviderInitiator 53 : HHH000021: Bytecode provider name : bytebuddy
2023-10-17 10:44:07.335 INFO - [  restartedMain] org.hibernate.engine.transaction.jta.platform.internal.JtaPlatformInitiator 51 : HHH000490: Using JtaPlatform implementation: [org.hibernate.engine.transaction.jta.platform.internal.NoJtaPlatform]
2023-10-17 10:44:07.439 INFO - [  restartedMain] org.springframework.orm.jpa.LocalContainerEntityManagerFactoryBean 437 : Initialized JPA EntityManagerFactory for persistence unit 'default'
2023-10-17 10:44:07.941 WARN - [  restartedMain] org.springframework.boot.autoconfigure.orm.jpa.JpaBaseConfiguration$JpaWebConfiguration 231 : spring.jpa.open-in-view is enabled by default. Therefore, database queries may be performed during view rendering. Explicitly configure spring.jpa.open-in-view to disable this warning
2023-10-17 10:44:08.317 WARN - [  restartedMain] org.springframework.boot.autoconfigure.security.servlet.UserDetailsServiceAutoConfiguration 87 : 

Using generated security password: 5c6efa38-bd0a-4766-a76d-d1741ac77182

This generated password is for development use only. Your security configuration must be updated before running your application in production.

2023-10-17 10:44:08.418 INFO - [  restartedMain] org.springframework.security.web.DefaultSecurityFilterChain 54 : Will secure any request with [org.springframework.security.web.session.DisableEncodeUrlFilter@51bea186, org.springframework.security.web.context.request.async.WebAsyncManagerIntegrationFilter@3f96427, org.springframework.security.web.context.SecurityContextHolderFilter@2582adc1, org.springframework.security.web.header.HeaderWriterFilter@6d139d97, org.springframework.security.web.csrf.CsrfFilter@91c1a32, org.springframework.security.web.authentication.logout.LogoutFilter@23a9d18a, org.springframework.security.web.authentication.UsernamePasswordAuthenticationFilter@55efca46, org.springframework.security.web.authentication.ui.DefaultLoginPageGeneratingFilter@14f4a6c5, org.springframework.security.web.authentication.ui.DefaultLogoutPageGeneratingFilter@d179d83, org.springframework.security.web.authentication.www.BasicAuthenticationFilter@6b472a5c, org.springframework.security.web.savedrequest.RequestCacheAwareFilter@59c414d6, org.springframework.security.web.servletapi.SecurityContextHolderAwareRequestFilter@6f674051, org.springframework.security.web.authentication.AnonymousAuthenticationFilter@5a85a5, org.springframework.security.web.access.ExceptionTranslationFilter@32901994, org.springframework.security.web.access.intercept.AuthorizationFilter@15ab586]
2023-10-17 10:44:08.459 INFO - [  restartedMain] org.springframework.boot.devtools.autoconfigure.OptionalLiveReloadServer 59 : LiveReload server is running on port 35729
2023-10-17 10:44:08.471 INFO - [  restartedMain] org.apache.coyote.http11.Http11NioProtocol 173 : Starting ProtocolHandler ["http-nio-8080"]
2023-10-17 10:44:08.496 INFO - [  restartedMain] org.springframework.boot.web.embedded.tomcat.TomcatWebServer 220 : Tomcat started on port(s): 8080 (http) with context path ''
2023-10-17 10:44:08.509 INFO - [  restartedMain] com.example.employeeProject.EmployeeProjectApplication 57 : Started EmployeeProjectApplication in 5.448 seconds (process running for 6.954)
2023-10-17 13:56:35.647 INFO - [ionShutdownHook] org.springframework.orm.jpa.LocalContainerEntityManagerFactoryBean 650 : Closing JPA EntityManagerFactory for persistence unit 'default'
2023-10-17 13:56:35.650 INFO - [ionShutdownHook] com.zaxxer.hikari.HikariDataSource 350 : HikariPool-1 - Shutdown initiated...
2023-10-17 13:56:35.659 INFO - [ionShutdownHook] com.zaxxer.hikari.HikariDataSource 352 : HikariPool-1 - Shutdown completed.
2023-10-17 13:56:41.180 INFO - [kground-preinit] org.hibernate.validator.internal.util.Version 21 : HV000001: Hibernate Validator 8.0.1.Final
2023-10-17 13:56:41.266 INFO - [  restartedMain] com.example.employeeProject.EmployeeProjectApplication 51 : Starting EmployeeProjectApplication using Java 17.0.8.1 with PID 178091 (/home/user/Documents/employeeProject/target/classes started by user in /home/user/Documents/employeeProject)
2023-10-17 13:56:41.291 DEBUG - [  restartedMain] com.example.employeeProject.EmployeeProjectApplication 52 : Running with Spring Boot v3.1.4, Spring v6.0.12
2023-10-17 13:56:41.294 INFO - [  restartedMain] com.example.employeeProject.EmployeeProjectApplication 637 : No active profile set, falling back to 1 default profile: "default"
2023-10-17 13:56:41.461 INFO - [  restartedMain] org.springframework.boot.devtools.env.DevToolsPropertyDefaultsPostProcessor 250 : Devtools property defaults active! Set 'spring.devtools.add-properties' to 'false' to disable
2023-10-17 13:56:41.461 INFO - [  restartedMain] org.springframework.boot.devtools.env.DevToolsPropertyDefaultsPostProcessor 250 : For additional web related logging consider setting the 'logging.level.web' property to 'DEBUG'
2023-10-17 13:56:42.607 INFO - [  restartedMain] org.springframework.data.repository.config.RepositoryConfigurationDelegate 138 : Bootstrapping Spring Data JPA repositories in DEFAULT mode.
2023-10-17 13:56:42.695 INFO - [  restartedMain] org.springframework.data.repository.config.RepositoryConfigurationDelegate 208 : Finished Spring Data repository scanning in 70 ms. Found 4 JPA repository interfaces.
2023-10-17 13:56:43.780 INFO - [  restartedMain] org.springframework.boot.web.embedded.tomcat.TomcatWebServer 108 : Tomcat initialized with port(s): 8080 (http)
2023-10-17 13:56:43.794 INFO - [  restartedMain] org.apache.coyote.http11.Http11NioProtocol 173 : Initializing ProtocolHandler ["http-nio-8080"]
2023-10-17 13:56:43.798 INFO - [  restartedMain] org.apache.catalina.core.StandardService 173 : Starting service [Tomcat]
2023-10-17 13:56:43.799 INFO - [  restartedMain] org.apache.catalina.core.StandardEngine 173 : Starting Servlet engine: [Apache Tomcat/10.1.13]
2023-10-17 13:56:43.884 INFO - [  restartedMain] org.apache.catalina.core.ContainerBase.[Tomcat].[localhost].[/] 173 : Initializing Spring embedded WebApplicationContext
2023-10-17 13:56:43.888 INFO - [  restartedMain] org.springframework.boot.web.servlet.context.ServletWebServerApplicationContext 291 : Root WebApplicationContext: initialization completed in 2420 ms
2023-10-17 13:56:44.088 INFO - [  restartedMain] com.zaxxer.hikari.HikariDataSource 110 : HikariPool-1 - Starting...
2023-10-17 13:56:44.555 INFO - [  restartedMain] com.zaxxer.hikari.pool.HikariPool 565 : HikariPool-1 - Added connection org.postgresql.jdbc.PgConnection@26098210
2023-10-17 13:56:44.557 INFO - [  restartedMain] com.zaxxer.hikari.HikariDataSource 123 : HikariPool-1 - Start completed.
2023-10-17 13:56:44.616 INFO - [  restartedMain] org.hibernate.jpa.internal.util.LogHelper 31 : HHH000204: Processing PersistenceUnitInfo [name: default]
2023-10-17 13:56:44.687 INFO - [  restartedMain] org.hibernate.Version 44 : HHH000412: Hibernate ORM core version 6.2.9.Final
2023-10-17 13:56:44.691 INFO - [  restartedMain] org.hibernate.cfg.Environment 191 : HHH000406: Using bytecode reflection optimizer
2023-10-17 13:56:44.890 INFO - [  restartedMain] org.hibernate.bytecode.internal.BytecodeProviderInitiator 53 : HHH000021: Bytecode provider name : bytebuddy
2023-10-17 13:56:45.090 INFO - [  restartedMain] org.springframework.orm.jpa.persistenceunit.SpringPersistenceUnitInfo 87 : No LoadTimeWeaver setup: ignoring JPA class transformer
2023-10-17 13:56:45.447 INFO - [  restartedMain] org.hibernate.bytecode.internal.BytecodeProviderInitiator 53 : HHH000021: Bytecode provider name : bytebuddy
2023-10-17 13:56:46.321 INFO - [  restartedMain] org.hibernate.engine.transaction.jta.platform.internal.JtaPlatformInitiator 51 : HHH000490: Using JtaPlatform implementation: [org.hibernate.engine.transaction.jta.platform.internal.NoJtaPlatform]
2023-10-17 13:56:46.323 INFO - [  restartedMain] org.springframework.orm.jpa.LocalContainerEntityManagerFactoryBean 437 : Initialized JPA EntityManagerFactory for persistence unit 'default'
2023-10-17 13:56:46.863 DEBUG - [  restartedMain] com.example.employeeProject.config.JwtAuthenticationFilter 240 : Filter 'jwtAuthenticationFilter' configured for use
2023-10-17 13:56:47.253 WARN - [  restartedMain] org.springframework.boot.autoconfigure.orm.jpa.JpaBaseConfiguration$JpaWebConfiguration 231 : spring.jpa.open-in-view is enabled by default. Therefore, database queries may be performed during view rendering. Explicitly configure spring.jpa.open-in-view to disable this warning
2023-10-17 13:56:47.713 INFO - [  restartedMain] org.springframework.security.web.DefaultSecurityFilterChain 54 : Will secure any request with [org.springframework.security.web.session.DisableEncodeUrlFilter@7c7a9a84, org.springframework.security.web.context.request.async.WebAsyncManagerIntegrationFilter@76e87c73, org.springframework.security.web.context.SecurityContextHolderFilter@177d92e1, org.springframework.security.web.header.HeaderWriterFilter@13341059, org.springframework.security.web.authentication.logout.LogoutFilter@2d2cc982, com.example.employeeProject.config.JwtAuthenticationFilter@10820236, org.springframework.security.web.savedrequest.RequestCacheAwareFilter@46344431, org.springframework.security.web.servletapi.SecurityContextHolderAwareRequestFilter@5d9a55b9, org.springframework.security.web.authentication.AnonymousAuthenticationFilter@18dfca8, org.springframework.security.web.session.SessionManagementFilter@71e66b06, org.springframework.security.web.access.ExceptionTranslationFilter@12def60b, org.springframework.security.web.access.intercept.AuthorizationFilter@2b542999]
2023-10-17 13:56:48.082 INFO - [  restartedMain] org.springframework.boot.devtools.autoconfigure.OptionalLiveReloadServer 59 : LiveReload server is running on port 35729
2023-10-17 13:56:48.117 INFO - [  restartedMain] org.apache.coyote.http11.Http11NioProtocol 173 : Starting ProtocolHandler ["http-nio-8080"]
2023-10-17 13:56:48.163 INFO - [  restartedMain] org.springframework.boot.web.embedded.tomcat.TomcatWebServer 220 : Tomcat started on port(s): 8080 (http) with context path ''
2023-10-17 13:56:48.194 INFO - [  restartedMain] com.example.employeeProject.EmployeeProjectApplication 57 : Started EmployeeProjectApplication in 7.667 seconds (process running for 9.195)
2023-10-17 14:01:02.556 INFO - [nio-8080-exec-1] org.apache.catalina.core.ContainerBase.[Tomcat].[localhost].[/] 173 : Initializing Spring DispatcherServlet 'dispatcherServlet'
2023-10-17 14:01:02.556 INFO - [nio-8080-exec-1] org.springframework.web.servlet.DispatcherServlet 532 : Initializing Servlet 'dispatcherServlet'
2023-10-17 14:01:02.557 INFO - [nio-8080-exec-1] org.springframework.web.servlet.DispatcherServlet 554 : Completed initialization in 1 ms
2023-10-17 14:07:10.588 WARN - [nio-8080-exec-7] org.hibernate.engine.jdbc.spi.SqlExceptionHelper 145 : SQL Error: 0, SQLState: 42703
2023-10-17 14:07:10.588 ERROR - [nio-8080-exec-7] org.hibernate.engine.jdbc.spi.SqlExceptionHelper 150 : ERROR: column u1_0.role does not exist
  Position: 70
2023-10-17 14:07:10.604 WARN - [nio-8080-exec-7] com.example.employeeProject.exception.CustomizedResponseEntityExceptionHandler 29 : ExceptionResponse[timestamp=2023-10-17T14:07:10.604102724, message=JDBC exception executing SQL [select u1_0.id,u1_0.email,u1_0.firstname,u1_0.lastname,u1_0.password,u1_0.role from _user u1_0 where u1_0.email=?] [ERROR: column u1_0.role does not exist
  Position: 70] [n/a]; SQL [n/a], details=uri=/api/v1/auth/authenticate, error=500 INTERNAL_SERVER_ERROR, status=500]
2023-10-17 14:07:10.659 WARN - [nio-8080-exec-7] org.springframework.web.servlet.mvc.method.annotation.ExceptionHandlerExceptionResolver 207 : Resolved [org.springframework.security.authentication.InternalAuthenticationServiceException: JDBC exception executing SQL [select u1_0.id,u1_0.email,u1_0.firstname,u1_0.lastname,u1_0.password,u1_0.role from _user u1_0 where u1_0.email=?] [ERROR: column u1_0.role does not exist<EOL>  Position: 70] [n/a]; SQL [n/a]]
2023-10-17 14:08:22.528 INFO - [ionShutdownHook] org.springframework.orm.jpa.LocalContainerEntityManagerFactoryBean 650 : Closing JPA EntityManagerFactory for persistence unit 'default'
2023-10-17 14:08:22.531 INFO - [ionShutdownHook] com.zaxxer.hikari.HikariDataSource 350 : HikariPool-1 - Shutdown initiated...
2023-10-17 14:08:22.545 INFO - [ionShutdownHook] com.zaxxer.hikari.HikariDataSource 352 : HikariPool-1 - Shutdown completed.
2023-10-17 14:08:26.306 INFO - [kground-preinit] org.hibernate.validator.internal.util.Version 21 : HV000001: Hibernate Validator 8.0.1.Final
2023-10-17 14:08:26.335 INFO - [  restartedMain] com.example.employeeProject.EmployeeProjectApplication 51 : Starting EmployeeProjectApplication using Java 17.0.8.1 with PID 184483 (/home/user/Documents/employeeProject/target/classes started by user in /home/user/Documents/employeeProject)
2023-10-17 14:08:26.339 DEBUG - [  restartedMain] com.example.employeeProject.EmployeeProjectApplication 52 : Running with Spring Boot v3.1.4, Spring v6.0.12
2023-10-17 14:08:26.341 INFO - [  restartedMain] com.example.employeeProject.EmployeeProjectApplication 637 : No active profile set, falling back to 1 default profile: "default"
2023-10-17 14:08:26.404 INFO - [  restartedMain] org.springframework.boot.devtools.env.DevToolsPropertyDefaultsPostProcessor 250 : Devtools property defaults active! Set 'spring.devtools.add-properties' to 'false' to disable
2023-10-17 14:08:26.405 INFO - [  restartedMain] org.springframework.boot.devtools.env.DevToolsPropertyDefaultsPostProcessor 250 : For additional web related logging consider setting the 'logging.level.web' property to 'DEBUG'
2023-10-17 14:08:27.305 INFO - [  restartedMain] org.springframework.data.repository.config.RepositoryConfigurationDelegate 138 : Bootstrapping Spring Data JPA repositories in DEFAULT mode.
2023-10-17 14:08:27.393 INFO - [  restartedMain] org.springframework.data.repository.config.RepositoryConfigurationDelegate 208 : Finished Spring Data repository scanning in 79 ms. Found 4 JPA repository interfaces.
2023-10-17 14:08:28.134 INFO - [  restartedMain] org.springframework.boot.web.embedded.tomcat.TomcatWebServer 108 : Tomcat initialized with port(s): 8080 (http)
2023-10-17 14:08:28.144 INFO - [  restartedMain] org.apache.coyote.http11.Http11NioProtocol 173 : Initializing ProtocolHandler ["http-nio-8080"]
2023-10-17 14:08:28.146 INFO - [  restartedMain] org.apache.catalina.core.StandardService 173 : Starting service [Tomcat]
2023-10-17 14:08:28.147 INFO - [  restartedMain] org.apache.catalina.core.StandardEngine 173 : Starting Servlet engine: [Apache Tomcat/10.1.13]
2023-10-17 14:08:28.200 INFO - [  restartedMain] org.apache.catalina.core.ContainerBase.[Tomcat].[localhost].[/] 173 : Initializing Spring embedded WebApplicationContext
2023-10-17 14:08:28.202 INFO - [  restartedMain] org.springframework.boot.web.servlet.context.ServletWebServerApplicationContext 291 : Root WebApplicationContext: initialization completed in 1794 ms
2023-10-17 14:08:28.355 INFO - [  restartedMain] org.hibernate.jpa.internal.util.LogHelper 31 : HHH000204: Processing PersistenceUnitInfo [name: default]
2023-10-17 14:08:28.415 INFO - [  restartedMain] org.hibernate.Version 44 : HHH000412: Hibernate ORM core version 6.2.9.Final
2023-10-17 14:08:28.418 INFO - [  restartedMain] org.hibernate.cfg.Environment 191 : HHH000406: Using bytecode reflection optimizer
2023-10-17 14:08:28.558 INFO - [  restartedMain] org.hibernate.bytecode.internal.BytecodeProviderInitiator 53 : HHH000021: Bytecode provider name : bytebuddy
2023-10-17 14:08:28.722 INFO - [  restartedMain] org.springframework.orm.jpa.persistenceunit.SpringPersistenceUnitInfo 87 : No LoadTimeWeaver setup: ignoring JPA class transformer
2023-10-17 14:08:28.752 INFO - [  restartedMain] com.zaxxer.hikari.HikariDataSource 110 : HikariPool-1 - Starting...
2023-10-17 14:08:29.168 INFO - [  restartedMain] com.zaxxer.hikari.pool.HikariPool 565 : HikariPool-1 - Added connection org.postgresql.jdbc.PgConnection@1fc30832
2023-10-17 14:08:29.171 INFO - [  restartedMain] com.zaxxer.hikari.HikariDataSource 123 : HikariPool-1 - Start completed.
2023-10-17 14:08:29.497 INFO - [  restartedMain] org.hibernate.bytecode.internal.BytecodeProviderInitiator 53 : HHH000021: Bytecode provider name : bytebuddy
2023-10-17 14:08:30.240 INFO - [  restartedMain] org.hibernate.engine.transaction.jta.platform.internal.JtaPlatformInitiator 51 : HHH000490: Using JtaPlatform implementation: [org.hibernate.engine.transaction.jta.platform.internal.NoJtaPlatform]
2023-10-17 14:08:30.308 INFO - [  restartedMain] org.springframework.orm.jpa.LocalContainerEntityManagerFactoryBean 437 : Initialized JPA EntityManagerFactory for persistence unit 'default'
2023-10-17 14:08:30.714 DEBUG - [  restartedMain] com.example.employeeProject.config.JwtAuthenticationFilter 240 : Filter 'jwtAuthenticationFilter' configured for use
2023-10-17 14:08:30.990 WARN - [  restartedMain] org.springframework.boot.autoconfigure.orm.jpa.JpaBaseConfiguration$JpaWebConfiguration 231 : spring.jpa.open-in-view is enabled by default. Therefore, database queries may be performed during view rendering. Explicitly configure spring.jpa.open-in-view to disable this warning
2023-10-17 14:08:31.280 INFO - [  restartedMain] org.springframework.security.web.DefaultSecurityFilterChain 54 : Will secure any request with [org.springframework.security.web.session.DisableEncodeUrlFilter@4c744dc9, org.springframework.security.web.context.request.async.WebAsyncManagerIntegrationFilter@1ba91078, org.springframework.security.web.context.SecurityContextHolderFilter@6e50aa76, org.springframework.security.web.header.HeaderWriterFilter@41483ac6, org.springframework.security.web.authentication.logout.LogoutFilter@421d55ac, com.example.employeeProject.config.JwtAuthenticationFilter@3e3dce31, org.springframework.security.web.savedrequest.RequestCacheAwareFilter@39b254ec, org.springframework.security.web.servletapi.SecurityContextHolderAwareRequestFilter@6ff8735, org.springframework.security.web.authentication.AnonymousAuthenticationFilter@257de2e0, org.springframework.security.web.session.SessionManagementFilter@540464a9, org.springframework.security.web.access.ExceptionTranslationFilter@629e1b75, org.springframework.security.web.access.intercept.AuthorizationFilter@1939c671]
2023-10-17 14:08:31.501 INFO - [  restartedMain] org.springframework.boot.devtools.autoconfigure.OptionalLiveReloadServer 59 : LiveReload server is running on port 35729
2023-10-17 14:08:31.520 INFO - [  restartedMain] org.apache.coyote.http11.Http11NioProtocol 173 : Starting ProtocolHandler ["http-nio-8080"]
2023-10-17 14:08:31.539 INFO - [  restartedMain] org.springframework.boot.web.embedded.tomcat.TomcatWebServer 220 : Tomcat started on port(s): 8080 (http) with context path ''
2023-10-17 14:08:31.555 INFO - [  restartedMain] com.example.employeeProject.EmployeeProjectApplication 57 : Started EmployeeProjectApplication in 5.6 seconds (process running for 6.89)
2023-10-17 14:08:48.370 INFO - [nio-8080-exec-2] org.apache.catalina.core.ContainerBase.[Tomcat].[localhost].[/] 173 : Initializing Spring DispatcherServlet 'dispatcherServlet'
2023-10-17 14:08:48.370 INFO - [nio-8080-exec-2] org.springframework.web.servlet.DispatcherServlet 532 : Initializing Servlet 'dispatcherServlet'
2023-10-17 14:08:48.372 INFO - [nio-8080-exec-2] org.springframework.web.servlet.DispatcherServlet 554 : Completed initialization in 2 ms
2023-10-17 14:08:48.753 WARN - [nio-8080-exec-2] com.example.employeeProject.exception.CustomizedResponseEntityExceptionHandler 29 : ExceptionResponse[timestamp=2023-10-17T14:08:48.752342567, message=Bad credentials, details=uri=/api/v1/auth/authenticate, error=500 INTERNAL_SERVER_ERROR, status=500]
2023-10-17 14:08:48.798 WARN - [nio-8080-exec-2] org.springframework.web.servlet.mvc.method.annotation.ExceptionHandlerExceptionResolver 207 : Resolved [org.springframework.security.authentication.BadCredentialsException: Bad credentials]
2023-10-17 14:12:16.118 WARN - [nio-8080-exec-3] com.example.employeeProject.exception.CustomizedResponseEntityExceptionHandler 29 : ExceptionResponse[timestamp=2023-10-17T14:12:16.118324518, message=Content-Type 'text/plain;charset=UTF-8' is not supported, details=uri=/api/v1/auth/register, error=500 INTERNAL_SERVER_ERROR, status=500]
2023-10-17 14:12:16.120 WARN - [nio-8080-exec-3] org.springframework.web.servlet.mvc.method.annotation.ExceptionHandlerExceptionResolver 207 : Resolved [org.springframework.web.HttpMediaTypeNotSupportedException: Content-Type 'text/plain;charset=UTF-8' is not supported]
2023-10-17 14:15:28.332 WARN - [nio-8080-exec-9] com.example.employeeProject.exception.CustomizedResponseEntityExceptionHandler 29 : ExceptionResponse[timestamp=2023-10-17T14:15:28.332540730, message=Bad credentials, details=uri=/api/v1/auth/authenticate, error=500 INTERNAL_SERVER_ERROR, status=500]
2023-10-17 14:15:28.334 WARN - [nio-8080-exec-9] org.springframework.web.servlet.mvc.method.annotation.ExceptionHandlerExceptionResolver 207 : Resolved [org.springframework.security.authentication.BadCredentialsException: Bad credentials]
2023-10-17 14:22:17.286 WARN - [nio-8080-exec-8] com.example.employeeProject.exception.CustomizedResponseEntityExceptionHandler 29 : ExceptionResponse[timestamp=2023-10-17T14:22:17.286622767, message=Bad credentials, details=uri=/api/v1/auth/authenticate, error=500 INTERNAL_SERVER_ERROR, status=500]
2023-10-17 14:22:17.288 WARN - [nio-8080-exec-8] org.springframework.web.servlet.mvc.method.annotation.ExceptionHandlerExceptionResolver 207 : Resolved [org.springframework.security.authentication.BadCredentialsException: Bad credentials]
2023-10-17 14:22:53.126 INFO - [nio-8080-exec-3] com.example.employeeProject.controller.EmployeeController 82 : [Ali full stack]
2023-10-17 14:23:00.928 INFO - [nio-8080-exec-4] com.example.employeeProject.controller.EmployeeController 109 : New Employee Added:
Employee Details{id=55, firstName='Ali full stack', lastName='d', emailId='fullstack@gmail.com'}
2023-10-17 15:09:19.205 ERROR - [nio-8080-exec-6] org.apache.catalina.core.ContainerBase.[Tomcat].[localhost].[/].[dispatcherServlet] 175 : Servlet.service() for servlet [dispatcherServlet] in context with path [] threw exception
io.jsonwebtoken.ExpiredJwtException: JWT expired at 2023-10-17T11:40:31Z. Current time: 2023-10-17T12:09:19Z, a difference of 1728204 milliseconds.  Allowed clock skew: 0 milliseconds.
	at io.jsonwebtoken.impl.DefaultJwtParser.parse(DefaultJwtParser.java:427)
	at io.jsonwebtoken.impl.DefaultJwtParser.parse(DefaultJwtParser.java:529)
	at io.jsonwebtoken.impl.DefaultJwtParser.parseClaimsJws(DefaultJwtParser.java:589)
	at io.jsonwebtoken.impl.ImmutableJwtParser.parseClaimsJws(ImmutableJwtParser.java:173)
	at com.example.employeeProject.config.JwtService.extractAllClaims(JwtService.java:67)
	at com.example.employeeProject.config.JwtService.extractClaim(JwtService.java:27)
	at com.example.employeeProject.config.JwtService.extractUsername(JwtService.java:23)
	at com.example.employeeProject.config.JwtAuthenticationFilter.doFilterInternal(JwtAuthenticationFilter.java:39)
	at org.springframework.web.filter.OncePerRequestFilter.doFilter(OncePerRequestFilter.java:116)
	at org.springframework.security.web.FilterChainProxy$VirtualFilterChain.doFilter(FilterChainProxy.java:374)
	at org.springframework.security.web.authentication.logout.LogoutFilter.doFilter(LogoutFilter.java:107)
	at org.springframework.security.web.authentication.logout.LogoutFilter.doFilter(LogoutFilter.java:93)
	at org.springframework.security.web.FilterChainProxy$VirtualFilterChain.doFilter(FilterChainProxy.java:374)
	at org.springframework.security.web.header.HeaderWriterFilter.doHeadersAfter(HeaderWriterFilter.java:90)
	at org.springframework.security.web.header.HeaderWriterFilter.doFilterInternal(HeaderWriterFilter.java:75)
	at org.springframework.web.filter.OncePerRequestFilter.doFilter(OncePerRequestFilter.java:116)
	at org.springframework.security.web.FilterChainProxy$VirtualFilterChain.doFilter(FilterChainProxy.java:374)
	at org.springframework.security.web.context.SecurityContextHolderFilter.doFilter(SecurityContextHolderFilter.java:82)
	at org.springframework.security.web.context.SecurityContextHolderFilter.doFilter(SecurityContextHolderFilter.java:69)
	at org.springframework.security.web.FilterChainProxy$VirtualFilterChain.doFilter(FilterChainProxy.java:374)
	at org.springframework.security.web.context.request.async.WebAsyncManagerIntegrationFilter.doFilterInternal(WebAsyncManagerIntegrationFilter.java:62)
	at org.springframework.web.filter.OncePerRequestFilter.doFilter(OncePerRequestFilter.java:116)
	at org.springframework.security.web.FilterChainProxy$VirtualFilterChain.doFilter(FilterChainProxy.java:374)
	at org.springframework.security.web.session.DisableEncodeUrlFilter.doFilterInternal(DisableEncodeUrlFilter.java:42)
	at org.springframework.web.filter.OncePerRequestFilter.doFilter(OncePerRequestFilter.java:116)
	at org.springframework.security.web.FilterChainProxy$VirtualFilterChain.doFilter(FilterChainProxy.java:374)
	at org.springframework.security.web.FilterChainProxy.doFilterInternal(FilterChainProxy.java:233)
	at org.springframework.security.web.FilterChainProxy.doFilter(FilterChainProxy.java:191)
	at org.springframework.web.filter.DelegatingFilterProxy.invokeDelegate(DelegatingFilterProxy.java:352)
	at org.springframework.web.filter.DelegatingFilterProxy.doFilter(DelegatingFilterProxy.java:268)
	at org.apache.catalina.core.ApplicationFilterChain.internalDoFilter(ApplicationFilterChain.java:174)
	at org.apache.catalina.core.ApplicationFilterChain.doFilter(ApplicationFilterChain.java:149)
	at org.springframework.web.filter.RequestContextFilter.doFilterInternal(RequestContextFilter.java:100)
	at org.springframework.web.filter.OncePerRequestFilter.doFilter(OncePerRequestFilter.java:116)
	at org.apache.catalina.core.ApplicationFilterChain.internalDoFilter(ApplicationFilterChain.java:174)
	at org.apache.catalina.core.ApplicationFilterChain.doFilter(ApplicationFilterChain.java:149)
	at org.springframework.web.filter.FormContentFilter.doFilterInternal(FormContentFilter.java:93)
	at org.springframework.web.filter.OncePerRequestFilter.doFilter(OncePerRequestFilter.java:116)
	at org.apache.catalina.core.ApplicationFilterChain.internalDoFilter(ApplicationFilterChain.java:174)
	at org.apache.catalina.core.ApplicationFilterChain.doFilter(ApplicationFilterChain.java:149)
	at org.springframework.web.filter.CharacterEncodingFilter.doFilterInternal(CharacterEncodingFilter.java:201)
	at org.springframework.web.filter.OncePerRequestFilter.doFilter(OncePerRequestFilter.java:116)
	at org.apache.catalina.core.ApplicationFilterChain.internalDoFilter(ApplicationFilterChain.java:174)
	at org.apache.catalina.core.ApplicationFilterChain.doFilter(ApplicationFilterChain.java:149)
	at org.apache.catalina.core.StandardWrapperValve.invoke(StandardWrapperValve.java:167)
	at org.apache.catalina.core.StandardContextValve.invoke(StandardContextValve.java:90)
	at org.apache.catalina.authenticator.AuthenticatorBase.invoke(AuthenticatorBase.java:482)
	at org.apache.catalina.core.StandardHostValve.invoke(StandardHostValve.java:115)
	at org.apache.catalina.valves.ErrorReportValve.invoke(ErrorReportValve.java:93)
	at org.apache.catalina.core.StandardEngineValve.invoke(StandardEngineValve.java:74)
	at org.apache.catalina.connector.CoyoteAdapter.service(CoyoteAdapter.java:341)
	at org.apache.coyote.http11.Http11Processor.service(Http11Processor.java:391)
	at org.apache.coyote.AbstractProcessorLight.process(AbstractProcessorLight.java:63)
	at org.apache.coyote.AbstractProtocol$ConnectionHandler.process(AbstractProtocol.java:894)
	at org.apache.tomcat.util.net.NioEndpoint$SocketProcessor.doRun(NioEndpoint.java:1740)
	at org.apache.tomcat.util.net.SocketProcessorBase.run(SocketProcessorBase.java:52)
	at org.apache.tomcat.util.threads.ThreadPoolExecutor.runWorker(ThreadPoolExecutor.java:1191)
	at org.apache.tomcat.util.threads.ThreadPoolExecutor$Worker.run(ThreadPoolExecutor.java:659)
	at org.apache.tomcat.util.threads.TaskThread$WrappingRunnable.run(TaskThread.java:61)
	at java.base/java.lang.Thread.run(Thread.java:833)
2023-10-17 15:25:49.945 ERROR - [nio-8080-exec-3] org.apache.catalina.core.ContainerBase.[Tomcat].[localhost].[/].[dispatcherServlet] 175 : Servlet.service() for servlet [dispatcherServlet] in context with path [] threw exception
io.jsonwebtoken.ExpiredJwtException: JWT expired at 2023-10-17T11:40:31Z. Current time: 2023-10-17T12:25:49Z, a difference of 2718944 milliseconds.  Allowed clock skew: 0 milliseconds.
	at io.jsonwebtoken.impl.DefaultJwtParser.parse(DefaultJwtParser.java:427)
	at io.jsonwebtoken.impl.DefaultJwtParser.parse(DefaultJwtParser.java:529)
	at io.jsonwebtoken.impl.DefaultJwtParser.parseClaimsJws(DefaultJwtParser.java:589)
	at io.jsonwebtoken.impl.ImmutableJwtParser.parseClaimsJws(ImmutableJwtParser.java:173)
	at com.example.employeeProject.config.JwtService.extractAllClaims(JwtService.java:67)
	at com.example.employeeProject.config.JwtService.extractClaim(JwtService.java:27)
	at com.example.employeeProject.config.JwtService.extractUsername(JwtService.java:23)
	at com.example.employeeProject.config.JwtAuthenticationFilter.doFilterInternal(JwtAuthenticationFilter.java:39)
	at org.springframework.web.filter.OncePerRequestFilter.doFilter(OncePerRequestFilter.java:116)
	at org.springframework.security.web.FilterChainProxy$VirtualFilterChain.doFilter(FilterChainProxy.java:374)
	at org.springframework.security.web.authentication.logout.LogoutFilter.doFilter(LogoutFilter.java:107)
	at org.springframework.security.web.authentication.logout.LogoutFilter.doFilter(LogoutFilter.java:93)
	at org.springframework.security.web.FilterChainProxy$VirtualFilterChain.doFilter(FilterChainProxy.java:374)
	at org.springframework.security.web.header.HeaderWriterFilter.doHeadersAfter(HeaderWriterFilter.java:90)
	at org.springframework.security.web.header.HeaderWriterFilter.doFilterInternal(HeaderWriterFilter.java:75)
	at org.springframework.web.filter.OncePerRequestFilter.doFilter(OncePerRequestFilter.java:116)
	at org.springframework.security.web.FilterChainProxy$VirtualFilterChain.doFilter(FilterChainProxy.java:374)
	at org.springframework.security.web.context.SecurityContextHolderFilter.doFilter(SecurityContextHolderFilter.java:82)
	at org.springframework.security.web.context.SecurityContextHolderFilter.doFilter(SecurityContextHolderFilter.java:69)
	at org.springframework.security.web.FilterChainProxy$VirtualFilterChain.doFilter(FilterChainProxy.java:374)
	at org.springframework.security.web.context.request.async.WebAsyncManagerIntegrationFilter.doFilterInternal(WebAsyncManagerIntegrationFilter.java:62)
	at org.springframework.web.filter.OncePerRequestFilter.doFilter(OncePerRequestFilter.java:116)
	at org.springframework.security.web.FilterChainProxy$VirtualFilterChain.doFilter(FilterChainProxy.java:374)
	at org.springframework.security.web.session.DisableEncodeUrlFilter.doFilterInternal(DisableEncodeUrlFilter.java:42)
	at org.springframework.web.filter.OncePerRequestFilter.doFilter(OncePerRequestFilter.java:116)
	at org.springframework.security.web.FilterChainProxy$VirtualFilterChain.doFilter(FilterChainProxy.java:374)
	at org.springframework.security.web.FilterChainProxy.doFilterInternal(FilterChainProxy.java:233)
	at org.springframework.security.web.FilterChainProxy.doFilter(FilterChainProxy.java:191)
	at org.springframework.web.filter.DelegatingFilterProxy.invokeDelegate(DelegatingFilterProxy.java:352)
	at org.springframework.web.filter.DelegatingFilterProxy.doFilter(DelegatingFilterProxy.java:268)
	at org.apache.catalina.core.ApplicationFilterChain.internalDoFilter(ApplicationFilterChain.java:174)
	at org.apache.catalina.core.ApplicationFilterChain.doFilter(ApplicationFilterChain.java:149)
	at org.springframework.web.filter.RequestContextFilter.doFilterInternal(RequestContextFilter.java:100)
	at org.springframework.web.filter.OncePerRequestFilter.doFilter(OncePerRequestFilter.java:116)
	at org.apache.catalina.core.ApplicationFilterChain.internalDoFilter(ApplicationFilterChain.java:174)
	at org.apache.catalina.core.ApplicationFilterChain.doFilter(ApplicationFilterChain.java:149)
	at org.springframework.web.filter.FormContentFilter.doFilterInternal(FormContentFilter.java:93)
	at org.springframework.web.filter.OncePerRequestFilter.doFilter(OncePerRequestFilter.java:116)
	at org.apache.catalina.core.ApplicationFilterChain.internalDoFilter(ApplicationFilterChain.java:174)
	at org.apache.catalina.core.ApplicationFilterChain.doFilter(ApplicationFilterChain.java:149)
	at org.springframework.web.filter.CharacterEncodingFilter.doFilterInternal(CharacterEncodingFilter.java:201)
	at org.springframework.web.filter.OncePerRequestFilter.doFilter(OncePerRequestFilter.java:116)
	at org.apache.catalina.core.ApplicationFilterChain.internalDoFilter(ApplicationFilterChain.java:174)
	at org.apache.catalina.core.ApplicationFilterChain.doFilter(ApplicationFilterChain.java:149)
	at org.apache.catalina.core.StandardWrapperValve.invoke(StandardWrapperValve.java:167)
	at org.apache.catalina.core.StandardContextValve.invoke(StandardContextValve.java:90)
	at org.apache.catalina.authenticator.AuthenticatorBase.invoke(AuthenticatorBase.java:482)
	at org.apache.catalina.core.StandardHostValve.invoke(StandardHostValve.java:115)
	at org.apache.catalina.valves.ErrorReportValve.invoke(ErrorReportValve.java:93)
	at org.apache.catalina.core.StandardEngineValve.invoke(StandardEngineValve.java:74)
	at org.apache.catalina.connector.CoyoteAdapter.service(CoyoteAdapter.java:341)
	at org.apache.coyote.http11.Http11Processor.service(Http11Processor.java:391)
	at org.apache.coyote.AbstractProcessorLight.process(AbstractProcessorLight.java:63)
	at org.apache.coyote.AbstractProtocol$ConnectionHandler.process(AbstractProtocol.java:894)
	at org.apache.tomcat.util.net.NioEndpoint$SocketProcessor.doRun(NioEndpoint.java:1740)
	at org.apache.tomcat.util.net.SocketProcessorBase.run(SocketProcessorBase.java:52)
	at org.apache.tomcat.util.threads.ThreadPoolExecutor.runWorker(ThreadPoolExecutor.java:1191)
	at org.apache.tomcat.util.threads.ThreadPoolExecutor$Worker.run(ThreadPoolExecutor.java:659)
	at org.apache.tomcat.util.threads.TaskThread$WrappingRunnable.run(TaskThread.java:61)
	at java.base/java.lang.Thread.run(Thread.java:833)
2023-10-17 15:26:18.938 INFO - [nio-8080-exec-4] com.example.employeeProject.controller.EmployeeController 109 : New Employee Added:
Employee Details{id=56, firstName='Ali full stackj', lastName='d', emailId='fullstack@gmail.com'}
2023-10-17 15:26:45.041 INFO - [ionShutdownHook] org.springframework.orm.jpa.LocalContainerEntityManagerFactoryBean 650 : Closing JPA EntityManagerFactory for persistence unit 'default'
2023-10-17 15:26:45.046 INFO - [ionShutdownHook] com.zaxxer.hikari.HikariDataSource 350 : HikariPool-1 - Shutdown initiated...
2023-10-17 15:26:45.064 INFO - [ionShutdownHook] com.zaxxer.hikari.HikariDataSource 352 : HikariPool-1 - Shutdown completed.
2023-10-17 15:26:48.824 INFO - [kground-preinit] org.hibernate.validator.internal.util.Version 21 : HV000001: Hibernate Validator 8.0.1.Final
2023-10-17 15:26:48.879 INFO - [  restartedMain] com.example.employeeProject.EmployeeProjectApplication 51 : Starting EmployeeProjectApplication using Java 17.0.8.1 with PID 206854 (/home/user/Documents/employeeProject/target/classes started by user in /home/user/Documents/employeeProject)
2023-10-17 15:26:48.885 DEBUG - [  restartedMain] com.example.employeeProject.EmployeeProjectApplication 52 : Running with Spring Boot v3.1.4, Spring v6.0.12
2023-10-17 15:26:48.887 INFO - [  restartedMain] com.example.employeeProject.EmployeeProjectApplication 637 : No active profile set, falling back to 1 default profile: "default"
2023-10-17 15:26:48.973 INFO - [  restartedMain] org.springframework.boot.devtools.env.DevToolsPropertyDefaultsPostProcessor 250 : Devtools property defaults active! Set 'spring.devtools.add-properties' to 'false' to disable
2023-10-17 15:26:48.974 INFO - [  restartedMain] org.springframework.boot.devtools.env.DevToolsPropertyDefaultsPostProcessor 250 : For additional web related logging consider setting the 'logging.level.web' property to 'DEBUG'
2023-10-17 15:26:50.138 INFO - [  restartedMain] org.springframework.data.repository.config.RepositoryConfigurationDelegate 138 : Bootstrapping Spring Data JPA repositories in DEFAULT mode.
2023-10-17 15:26:50.266 INFO - [  restartedMain] org.springframework.data.repository.config.RepositoryConfigurationDelegate 208 : Finished Spring Data repository scanning in 116 ms. Found 4 JPA repository interfaces.
2023-10-17 15:26:51.355 INFO - [  restartedMain] org.springframework.boot.web.embedded.tomcat.TomcatWebServer 108 : Tomcat initialized with port(s): 8080 (http)
2023-10-17 15:26:51.370 INFO - [  restartedMain] org.apache.coyote.http11.Http11NioProtocol 173 : Initializing ProtocolHandler ["http-nio-8080"]
2023-10-17 15:26:51.372 INFO - [  restartedMain] org.apache.catalina.core.StandardService 173 : Starting service [Tomcat]
2023-10-17 15:26:51.373 INFO - [  restartedMain] org.apache.catalina.core.StandardEngine 173 : Starting Servlet engine: [Apache Tomcat/10.1.13]
2023-10-17 15:26:51.444 INFO - [  restartedMain] org.apache.catalina.core.ContainerBase.[Tomcat].[localhost].[/] 173 : Initializing Spring embedded WebApplicationContext
2023-10-17 15:26:51.449 INFO - [  restartedMain] org.springframework.boot.web.servlet.context.ServletWebServerApplicationContext 291 : Root WebApplicationContext: initialization completed in 2470 ms
2023-10-17 15:26:51.740 INFO - [  restartedMain] org.hibernate.jpa.internal.util.LogHelper 31 : HHH000204: Processing PersistenceUnitInfo [name: default]
2023-10-17 15:26:51.823 INFO - [  restartedMain] org.hibernate.Version 44 : HHH000412: Hibernate ORM core version 6.2.9.Final
2023-10-17 15:26:51.828 INFO - [  restartedMain] org.hibernate.cfg.Environment 191 : HHH000406: Using bytecode reflection optimizer
2023-10-17 15:26:52.045 INFO - [  restartedMain] org.hibernate.bytecode.internal.BytecodeProviderInitiator 53 : HHH000021: Bytecode provider name : bytebuddy
2023-10-17 15:26:52.269 INFO - [  restartedMain] org.springframework.orm.jpa.persistenceunit.SpringPersistenceUnitInfo 87 : No LoadTimeWeaver setup: ignoring JPA class transformer
2023-10-17 15:26:52.299 INFO - [  restartedMain] com.zaxxer.hikari.HikariDataSource 110 : HikariPool-1 - Starting...
2023-10-17 15:26:52.792 INFO - [  restartedMain] com.zaxxer.hikari.pool.HikariPool 565 : HikariPool-1 - Added connection org.postgresql.jdbc.PgConnection@2d1889e1
2023-10-17 15:26:52.794 INFO - [  restartedMain] com.zaxxer.hikari.HikariDataSource 123 : HikariPool-1 - Start completed.
2023-10-17 15:26:53.253 INFO - [  restartedMain] org.hibernate.bytecode.internal.BytecodeProviderInitiator 53 : HHH000021: Bytecode provider name : bytebuddy
2023-10-17 15:26:54.322 INFO - [  restartedMain] org.hibernate.engine.transaction.jta.platform.internal.JtaPlatformInitiator 51 : HHH000490: Using JtaPlatform implementation: [org.hibernate.engine.transaction.jta.platform.internal.NoJtaPlatform]
2023-10-17 15:26:54.417 INFO - [  restartedMain] org.springframework.orm.jpa.LocalContainerEntityManagerFactoryBean 437 : Initialized JPA EntityManagerFactory for persistence unit 'default'
2023-10-17 15:26:54.919 DEBUG - [  restartedMain] com.example.employeeProject.config.JwtAuthenticationFilter 240 : Filter 'jwtAuthenticationFilter' configured for use
2023-10-17 15:26:55.241 WARN - [  restartedMain] org.springframework.boot.autoconfigure.orm.jpa.JpaBaseConfiguration$JpaWebConfiguration 231 : spring.jpa.open-in-view is enabled by default. Therefore, database queries may be performed during view rendering. Explicitly configure spring.jpa.open-in-view to disable this warning
2023-10-17 15:26:55.596 INFO - [  restartedMain] org.springframework.security.web.DefaultSecurityFilterChain 54 : Will secure any request with [org.springframework.security.web.session.DisableEncodeUrlFilter@2d2e6e45, org.springframework.security.web.context.request.async.WebAsyncManagerIntegrationFilter@3bad544a, org.springframework.security.web.context.SecurityContextHolderFilter@6e6c3969, org.springframework.security.web.header.HeaderWriterFilter@2c82a383, org.springframework.security.web.authentication.logout.LogoutFilter@59661d95, com.example.employeeProject.config.JwtAuthenticationFilter@4eedf99d, org.springframework.security.web.savedrequest.RequestCacheAwareFilter@5b98a34a, org.springframework.security.web.servletapi.SecurityContextHolderAwareRequestFilter@17a4927f, org.springframework.security.web.authentication.AnonymousAuthenticationFilter@7c4ed3bf, org.springframework.security.web.session.SessionManagementFilter@5be3a29d, org.springframework.security.web.access.ExceptionTranslationFilter@479b6d06, org.springframework.security.web.access.intercept.AuthorizationFilter@3bc5aa00]
2023-10-17 15:26:55.857 INFO - [  restartedMain] org.springframework.boot.devtools.autoconfigure.OptionalLiveReloadServer 59 : LiveReload server is running on port 35729
2023-10-17 15:26:55.879 INFO - [  restartedMain] org.apache.coyote.http11.Http11NioProtocol 173 : Starting ProtocolHandler ["http-nio-8080"]
2023-10-17 15:26:55.900 INFO - [  restartedMain] org.springframework.boot.web.embedded.tomcat.TomcatWebServer 220 : Tomcat started on port(s): 8080 (http) with context path ''
2023-10-17 15:26:55.921 INFO - [  restartedMain] com.example.employeeProject.EmployeeProjectApplication 57 : Started EmployeeProjectApplication in 7.666 seconds (process running for 9.91)
2023-10-17 15:27:05.327 INFO - [nio-8080-exec-1] org.apache.catalina.core.ContainerBase.[Tomcat].[localhost].[/] 173 : Initializing Spring DispatcherServlet 'dispatcherServlet'
2023-10-17 15:27:05.328 INFO - [nio-8080-exec-1] org.springframework.web.servlet.DispatcherServlet 532 : Initializing Servlet 'dispatcherServlet'
2023-10-17 15:27:05.329 INFO - [nio-8080-exec-1] org.springframework.web.servlet.DispatcherServlet 554 : Completed initialization in 1 ms
2023-10-17 16:30:21.547 ERROR - [nio-8080-exec-6] org.apache.catalina.core.ContainerBase.[Tomcat].[localhost].[/].[dispatcherServlet] 175 : Servlet.service() for servlet [dispatcherServlet] in context with path [] threw exception
io.jsonwebtoken.ExpiredJwtException: JWT expired at 2023-10-17T12:33:48Z. Current time: 2023-10-17T13:30:21Z, a difference of 3393546 milliseconds.  Allowed clock skew: 0 milliseconds.
	at io.jsonwebtoken.impl.DefaultJwtParser.parse(DefaultJwtParser.java:427)
	at io.jsonwebtoken.impl.DefaultJwtParser.parse(DefaultJwtParser.java:529)
	at io.jsonwebtoken.impl.DefaultJwtParser.parseClaimsJws(DefaultJwtParser.java:589)
	at io.jsonwebtoken.impl.ImmutableJwtParser.parseClaimsJws(ImmutableJwtParser.java:173)
	at com.example.employeeProject.config.JwtService.extractAllClaims(JwtService.java:67)
	at com.example.employeeProject.config.JwtService.extractClaim(JwtService.java:27)
	at com.example.employeeProject.config.JwtService.extractUsername(JwtService.java:23)
	at com.example.employeeProject.config.JwtAuthenticationFilter.doFilterInternal(JwtAuthenticationFilter.java:39)
	at org.springframework.web.filter.OncePerRequestFilter.doFilter(OncePerRequestFilter.java:116)
	at org.springframework.security.web.FilterChainProxy$VirtualFilterChain.doFilter(FilterChainProxy.java:374)
	at org.springframework.security.web.authentication.logout.LogoutFilter.doFilter(LogoutFilter.java:107)
	at org.springframework.security.web.authentication.logout.LogoutFilter.doFilter(LogoutFilter.java:93)
	at org.springframework.security.web.FilterChainProxy$VirtualFilterChain.doFilter(FilterChainProxy.java:374)
	at org.springframework.security.web.header.HeaderWriterFilter.doHeadersAfter(HeaderWriterFilter.java:90)
	at org.springframework.security.web.header.HeaderWriterFilter.doFilterInternal(HeaderWriterFilter.java:75)
	at org.springframework.web.filter.OncePerRequestFilter.doFilter(OncePerRequestFilter.java:116)
	at org.springframework.security.web.FilterChainProxy$VirtualFilterChain.doFilter(FilterChainProxy.java:374)
	at org.springframework.security.web.context.SecurityContextHolderFilter.doFilter(SecurityContextHolderFilter.java:82)
	at org.springframework.security.web.context.SecurityContextHolderFilter.doFilter(SecurityContextHolderFilter.java:69)
	at org.springframework.security.web.FilterChainProxy$VirtualFilterChain.doFilter(FilterChainProxy.java:374)
	at org.springframework.security.web.context.request.async.WebAsyncManagerIntegrationFilter.doFilterInternal(WebAsyncManagerIntegrationFilter.java:62)
	at org.springframework.web.filter.OncePerRequestFilter.doFilter(OncePerRequestFilter.java:116)
	at org.springframework.security.web.FilterChainProxy$VirtualFilterChain.doFilter(FilterChainProxy.java:374)
	at org.springframework.security.web.session.DisableEncodeUrlFilter.doFilterInternal(DisableEncodeUrlFilter.java:42)
	at org.springframework.web.filter.OncePerRequestFilter.doFilter(OncePerRequestFilter.java:116)
	at org.springframework.security.web.FilterChainProxy$VirtualFilterChain.doFilter(FilterChainProxy.java:374)
	at org.springframework.security.web.FilterChainProxy.doFilterInternal(FilterChainProxy.java:233)
	at org.springframework.security.web.FilterChainProxy.doFilter(FilterChainProxy.java:191)
	at org.springframework.web.filter.DelegatingFilterProxy.invokeDelegate(DelegatingFilterProxy.java:352)
	at org.springframework.web.filter.DelegatingFilterProxy.doFilter(DelegatingFilterProxy.java:268)
	at org.apache.catalina.core.ApplicationFilterChain.internalDoFilter(ApplicationFilterChain.java:174)
	at org.apache.catalina.core.ApplicationFilterChain.doFilter(ApplicationFilterChain.java:149)
	at org.springframework.web.filter.RequestContextFilter.doFilterInternal(RequestContextFilter.java:100)
	at org.springframework.web.filter.OncePerRequestFilter.doFilter(OncePerRequestFilter.java:116)
	at org.apache.catalina.core.ApplicationFilterChain.internalDoFilter(ApplicationFilterChain.java:174)
	at org.apache.catalina.core.ApplicationFilterChain.doFilter(ApplicationFilterChain.java:149)
	at org.springframework.web.filter.FormContentFilter.doFilterInternal(FormContentFilter.java:93)
	at org.springframework.web.filter.OncePerRequestFilter.doFilter(OncePerRequestFilter.java:116)
	at org.apache.catalina.core.ApplicationFilterChain.internalDoFilter(ApplicationFilterChain.java:174)
	at org.apache.catalina.core.ApplicationFilterChain.doFilter(ApplicationFilterChain.java:149)
	at org.springframework.web.filter.CharacterEncodingFilter.doFilterInternal(CharacterEncodingFilter.java:201)
	at org.springframework.web.filter.OncePerRequestFilter.doFilter(OncePerRequestFilter.java:116)
	at org.apache.catalina.core.ApplicationFilterChain.internalDoFilter(ApplicationFilterChain.java:174)
	at org.apache.catalina.core.ApplicationFilterChain.doFilter(ApplicationFilterChain.java:149)
	at org.apache.catalina.core.StandardWrapperValve.invoke(StandardWrapperValve.java:167)
	at org.apache.catalina.core.StandardContextValve.invoke(StandardContextValve.java:90)
	at org.apache.catalina.authenticator.AuthenticatorBase.invoke(AuthenticatorBase.java:482)
	at org.apache.catalina.core.StandardHostValve.invoke(StandardHostValve.java:115)
	at org.apache.catalina.valves.ErrorReportValve.invoke(ErrorReportValve.java:93)
	at org.apache.catalina.core.StandardEngineValve.invoke(StandardEngineValve.java:74)
	at org.apache.catalina.connector.CoyoteAdapter.service(CoyoteAdapter.java:341)
	at org.apache.coyote.http11.Http11Processor.service(Http11Processor.java:391)
	at org.apache.coyote.AbstractProcessorLight.process(AbstractProcessorLight.java:63)
	at org.apache.coyote.AbstractProtocol$ConnectionHandler.process(AbstractProtocol.java:894)
	at org.apache.tomcat.util.net.NioEndpoint$SocketProcessor.doRun(NioEndpoint.java:1740)
	at org.apache.tomcat.util.net.SocketProcessorBase.run(SocketProcessorBase.java:52)
	at org.apache.tomcat.util.threads.ThreadPoolExecutor.runWorker(ThreadPoolExecutor.java:1191)
	at org.apache.tomcat.util.threads.ThreadPoolExecutor$Worker.run(ThreadPoolExecutor.java:659)
	at org.apache.tomcat.util.threads.TaskThread$WrappingRunnable.run(TaskThread.java:61)
	at java.base/java.lang.Thread.run(Thread.java:833)
